<?xml version="1.0" encoding="UTF-8"?>
<!-- Generated by org.testng.reporters.JUnitReportReporter -->
<testsuite hostname="ARPGL002607" failures="0" tests="1" name="com.finala.practice.newq" time="24.234" errors="0" timestamp="2023-01-10T12:12:35 IST" skipped="0">
  <testcase classname="com.finala.practice.newq" name="setup" time="24.234"/>
  <system-out/>
</testsuite> <!-- com.finala.practice.newq -->
